<?xml version="1.0" encoding="UTF-8"?>
<!-- Generated by org.testng.reporters.JUnitReportReporter -->
<testsuite hostname="nisal" name="com.sysco.WebAutomationAssignemnt.tests.LoginTest" tests="15" failures="0" timestamp="10 Aug 2018 18:56:05 GMT" time="73.127" errors="0">
  <testcase name="wrongCredentialsValidate" time="5.382" classname="com.sysco.WebAutomationAssignemnt.tests.LoginTest"/>
  <testcase name="testCorrectAgeLogin" time="1.124" classname="com.sysco.WebAutomationAssignemnt.tests.LoginTest"/>
  <testcase name="testBottleAddCart" time="1.156" classname="com.sysco.WebAutomationAssignemnt.tests.LoginTest"/>
  <testcase name="testChooseItem" time="17.068" classname="com.sysco.WebAutomationAssignemnt.tests.LoginTest"/>
  <testcase name="testCheckoutItem" time="5.751" classname="com.sysco.WebAutomationAssignemnt.tests.LoginTest"/>
  <testcase name="wrongPasswordValidate" time="5.355" classname="com.sysco.WebAutomationAssignemnt.tests.LoginTest"/>
  <testcase name="testValidateBottleName" time="1.043" classname="com.sysco.WebAutomationAssignemnt.tests.LoginTest"/>
  <testcase name="testAccountSignin" time="5.008" classname="com.sysco.WebAutomationAssignemnt.tests.LoginTest"/>
  <testcase name="testNavigateMyAccount" time="6.355" classname="com.sysco.WebAutomationAssignemnt.tests.LoginTest"/>
  <testcase name="testWrongAgeLogin" time="1.152" classname="com.sysco.WebAutomationAssignemnt.tests.LoginTest"/>
  <testcase name="wrongEmailValidate" time="5.637" classname="com.sysco.WebAutomationAssignemnt.tests.LoginTest"/>
  <testcase name="testLogin" time="13.849" classname="com.sysco.WebAutomationAssignemnt.tests.LoginTest"/>
  <testcase name="testValidateBottlePrice" time="1.049" classname="com.sysco.WebAutomationAssignemnt.tests.LoginTest"/>
  <testcase name="validateUsername" time="0.066" classname="com.sysco.WebAutomationAssignemnt.tests.LoginTest"/>
  <testcase name="validateCart" time="3.132" classname="com.sysco.WebAutomationAssignemnt.tests.LoginTest"/>
</testsuite> <!-- com.sysco.WebAutomationAssignemnt.tests.LoginTest -->
